This is pdfTeX, Version 3.14159265-2.6-1.40.20 (TeX Live 2019) (preloaded format=pdflatex 2019.6.17)  18 DEC 2019 14:07
entering extended mode
 restricted \write18 enabled.
 %&-line parsing enabled.
**r-intro-2.tex
(./r-intro-2.tex
LaTeX2e <2018-12-01>
(/usr/local/texlive/2019/texmf-dist/tex/latex/base/report.cls
Document Class: report 2018/09/03 v1.4i Standard LaTeX document class
(/usr/local/texlive/2019/texmf-dist/tex/latex/base/size10.clo
File: size10.clo 2018/09/03 v1.4i Standard LaTeX file (size option)
)
\c@part=\count80
\c@chapter=\count81
\c@section=\count82
\c@subsection=\count83
\c@subsubsection=\count84
\c@paragraph=\count85
\c@subparagraph=\count86
\c@figure=\count87
\c@table=\count88
\abovecaptionskip=\skip41
\belowcaptionskip=\skip42
\bibindent=\dimen102
) (/usr/local/texlive/2019/texmf-dist/tex/latex/lm/lmodern.sty
Package: lmodern 2009/10/30 v1.6 Latin Modern Fonts
LaTeX Font Info:    Overwriting symbol font `operators' in version `normal'
(Font)                  OT1/cmr/m/n --> OT1/lmr/m/n on input line 22.
LaTeX Font Info:    Overwriting symbol font `letters' in version `normal'
(Font)                  OML/cmm/m/it --> OML/lmm/m/it on input line 23.
LaTeX Font Info:    Overwriting symbol font `symbols' in version `normal'
(Font)                  OMS/cmsy/m/n --> OMS/lmsy/m/n on input line 24.
LaTeX Font Info:    Overwriting symbol font `largesymbols' in version `normal'
(Font)                  OMX/cmex/m/n --> OMX/lmex/m/n on input line 25.
LaTeX Font Info:    Overwriting symbol font `operators' in version `bold'
(Font)                  OT1/cmr/bx/n --> OT1/lmr/bx/n on input line 26.
LaTeX Font Info:    Overwriting symbol font `letters' in version `bold'
(Font)                  OML/cmm/b/it --> OML/lmm/b/it on input line 27.
LaTeX Font Info:    Overwriting symbol font `symbols' in version `bold'
(Font)                  OMS/cmsy/b/n --> OMS/lmsy/b/n on input line 28.
LaTeX Font Info:    Overwriting symbol font `largesymbols' in version `bold'
(Font)                  OMX/cmex/m/n --> OMX/lmex/m/n on input line 29.
LaTeX Font Info:    Overwriting math alphabet `\mathbf' in version `normal'
(Font)                  OT1/cmr/bx/n --> OT1/lmr/bx/n on input line 31.
LaTeX Font Info:    Overwriting math alphabet `\mathsf' in version `normal'
(Font)                  OT1/cmss/m/n --> OT1/lmss/m/n on input line 32.
LaTeX Font Info:    Overwriting math alphabet `\mathit' in version `normal'
(Font)                  OT1/cmr/m/it --> OT1/lmr/m/it on input line 33.
LaTeX Font Info:    Overwriting math alphabet `\mathtt' in version `normal'
(Font)                  OT1/cmtt/m/n --> OT1/lmtt/m/n on input line 34.
LaTeX Font Info:    Overwriting math alphabet `\mathbf' in version `bold'
(Font)                  OT1/cmr/bx/n --> OT1/lmr/bx/n on input line 35.
LaTeX Font Info:    Overwriting math alphabet `\mathsf' in version `bold'
(Font)                  OT1/cmss/bx/n --> OT1/lmss/bx/n on input line 36.
LaTeX Font Info:    Overwriting math alphabet `\mathit' in version `bold'
(Font)                  OT1/cmr/bx/it --> OT1/lmr/bx/it on input line 37.
LaTeX Font Info:    Overwriting math alphabet `\mathtt' in version `bold'
(Font)                  OT1/cmtt/m/n --> OT1/lmtt/m/n on input line 38.
) (/usr/local/texlive/2019/texmf-dist/tex/latex/amsfonts/amssymb.sty
Package: amssymb 2013/01/14 v3.01 AMS font symbols
(/usr/local/texlive/2019/texmf-dist/tex/latex/amsfonts/amsfonts.sty
Package: amsfonts 2013/01/14 v3.01 Basic AMSFonts support
\@emptytoks=\toks14
\symAMSa=\mathgroup4
\symAMSb=\mathgroup5
LaTeX Font Info:    Overwriting math alphabet `\mathfrak' in version `bold'
(Font)                  U/euf/m/n --> U/euf/b/n on input line 106.
)) (/usr/local/texlive/2019/texmf-dist/tex/latex/amsmath/amsmath.sty
Package: amsmath 2018/12/01 v2.17b AMS math features
\@mathmargin=\skip43
For additional information on amsmath, use the `?' option.
(/usr/local/texlive/2019/texmf-dist/tex/latex/amsmath/amstext.sty
Package: amstext 2000/06/29 v2.01 AMS text
(/usr/local/texlive/2019/texmf-dist/tex/latex/amsmath/amsgen.sty
File: amsgen.sty 1999/11/30 v2.0 generic functions
\@emptytoks=\toks15
\ex@=\dimen103
)) (/usr/local/texlive/2019/texmf-dist/tex/latex/amsmath/amsbsy.sty
Package: amsbsy 1999/11/29 v1.2d Bold Symbols
\pmbraise@=\dimen104
) (/usr/local/texlive/2019/texmf-dist/tex/latex/amsmath/amsopn.sty
Package: amsopn 2016/03/08 v2.02 operator names
)
\inf@bad=\count89
LaTeX Info: Redefining \frac on input line 223.
\uproot@=\count90
\leftroot@=\count91
LaTeX Info: Redefining \overline on input line 385.
\classnum@=\count92
\DOTSCASE@=\count93
LaTeX Info: Redefining \ldots on input line 482.
LaTeX Info: Redefining \dots on input line 485.
LaTeX Info: Redefining \cdots on input line 606.
\Mathstrutbox@=\box27
\strutbox@=\box28
\big@size=\dimen105
LaTeX Font Info:    Redeclaring font encoding OML on input line 729.
LaTeX Font Info:    Redeclaring font encoding OMS on input line 730.
\macc@depth=\count94
\c@MaxMatrixCols=\count95
\dotsspace@=\muskip10
\c@parentequation=\count96
\dspbrk@lvl=\count97
\tag@help=\toks16
\row@=\count98
\column@=\count99
\maxfields@=\count100
\andhelp@=\toks17
\eqnshift@=\dimen106
\alignsep@=\dimen107
\tagshift@=\dimen108
\tagwidth@=\dimen109
\totwidth@=\dimen110
\lineht@=\dimen111
\@envbody=\toks18
\multlinegap=\skip44
\multlinetaggap=\skip45
\mathdisplay@stack=\toks19
LaTeX Info: Redefining \[ on input line 2844.
LaTeX Info: Redefining \] on input line 2845.
) (/usr/local/texlive/2019/texmf-dist/tex/generic/ifxetex/ifxetex.sty
Package: ifxetex 2010/09/12 v0.6 Provides ifxetex conditional
) (/usr/local/texlive/2019/texmf-dist/tex/generic/oberdiek/ifluatex.sty
Package: ifluatex 2016/05/16 v1.4 Provides the ifluatex switch (HO)
Package ifluatex Info: LuaTeX not detected.
) (/usr/local/texlive/2019/texmf-dist/tex/latex/base/fontenc.sty
Package: fontenc 2018/08/11 v2.0j Standard LaTeX package
(/usr/local/texlive/2019/texmf-dist/tex/latex/base/t1enc.def
File: t1enc.def 2018/08/11 v2.0j Standard LaTeX file
LaTeX Font Info:    Redeclaring font encoding T1 on input line 48.
)) (/usr/local/texlive/2019/texmf-dist/tex/latex/base/inputenc.sty
Package: inputenc 2018/08/11 v1.3c Input encoding file
\inpenc@prehook=\toks20
\inpenc@posthook=\toks21
) (/usr/local/texlive/2019/texmf-dist/tex/latex/base/textcomp.sty
Package: textcomp 2018/08/11 v2.0j Standard LaTeX package
Package textcomp Info: Sub-encoding information:
(textcomp)               5 = only ISO-Adobe without \textcurrency
(textcomp)               4 = 5 + \texteuro
(textcomp)               3 = 4 + \textohm
(textcomp)               2 = 3 + \textestimated + \textcurrency
(textcomp)               1 = TS1 - \textcircled - \t
(textcomp)               0 = TS1 (full)
(textcomp)             Font families with sub-encoding setting implement
(textcomp)             only a restricted character set as indicated.
(textcomp)             Family '?' is the default used for unknown fonts.
(textcomp)             See the documentation for details.
Package textcomp Info: Setting ? sub-encoding to TS1/1 on input line 79.
(/usr/local/texlive/2019/texmf-dist/tex/latex/base/ts1enc.def
File: ts1enc.def 2001/06/05 v3.0e (jk/car/fm) Standard LaTeX file
Now handling font encoding TS1 ...
... processing UTF-8 mapping file for font encoding TS1
(/usr/local/texlive/2019/texmf-dist/tex/latex/base/ts1enc.dfu
File: ts1enc.dfu 2018/10/05 v1.2f UTF-8 support for inputenc
   defining Unicode char U+00A2 (decimal 162)
   defining Unicode char U+00A3 (decimal 163)
   defining Unicode char U+00A4 (decimal 164)
   defining Unicode char U+00A5 (decimal 165)
   defining Unicode char U+00A6 (decimal 166)
   defining Unicode char U+00A7 (decimal 167)
   defining Unicode char U+00A8 (decimal 168)
   defining Unicode char U+00A9 (decimal 169)
   defining Unicode char U+00AA (decimal 170)
   defining Unicode char U+00AC (decimal 172)
   defining Unicode char U+00AE (decimal 174)
   defining Unicode char U+00AF (decimal 175)
   defining Unicode char U+00B0 (decimal 176)
   defining Unicode char U+00B1 (decimal 177)
   defining Unicode char U+00B2 (decimal 178)
   defining Unicode char U+00B3 (decimal 179)
   defining Unicode char U+00B4 (decimal 180)
   defining Unicode char U+00B5 (decimal 181)
   defining Unicode char U+00B6 (decimal 182)
   defining Unicode char U+00B7 (decimal 183)
   defining Unicode char U+00B9 (decimal 185)
   defining Unicode char U+00BA (decimal 186)
   defining Unicode char U+00BC (decimal 188)
   defining Unicode char U+00BD (decimal 189)
   defining Unicode char U+00BE (decimal 190)
   defining Unicode char U+00D7 (decimal 215)
   defining Unicode char U+00F7 (decimal 247)
   defining Unicode char U+0192 (decimal 402)
   defining Unicode char U+02C7 (decimal 711)
   defining Unicode char U+02D8 (decimal 728)
   defining Unicode char U+02DD (decimal 733)
   defining Unicode char U+0E3F (decimal 3647)
   defining Unicode char U+2016 (decimal 8214)
   defining Unicode char U+2020 (decimal 8224)
   defining Unicode char U+2021 (decimal 8225)
   defining Unicode char U+2022 (decimal 8226)
   defining Unicode char U+2030 (decimal 8240)
   defining Unicode char U+2031 (decimal 8241)
   defining Unicode char U+203B (decimal 8251)
   defining Unicode char U+203D (decimal 8253)
   defining Unicode char U+2044 (decimal 8260)
   defining Unicode char U+204E (decimal 8270)
   defining Unicode char U+2052 (decimal 8274)
   defining Unicode char U+20A1 (decimal 8353)
   defining Unicode char U+20A4 (decimal 8356)
   defining Unicode char U+20A6 (decimal 8358)
   defining Unicode char U+20A9 (decimal 8361)
   defining Unicode char U+20AB (decimal 8363)
   defining Unicode char U+20AC (decimal 8364)
   defining Unicode char U+20B1 (decimal 8369)
   defining Unicode char U+2103 (decimal 8451)
   defining Unicode char U+2116 (decimal 8470)
   defining Unicode char U+2117 (decimal 8471)
   defining Unicode char U+211E (decimal 8478)
   defining Unicode char U+2120 (decimal 8480)
   defining Unicode char U+2122 (decimal 8482)
   defining Unicode char U+2126 (decimal 8486)
   defining Unicode char U+2127 (decimal 8487)
   defining Unicode char U+212E (decimal 8494)
   defining Unicode char U+2190 (decimal 8592)
   defining Unicode char U+2191 (decimal 8593)
   defining Unicode char U+2192 (decimal 8594)
   defining Unicode char U+2193 (decimal 8595)
   defining Unicode char U+2329 (decimal 9001)
   defining Unicode char U+232A (decimal 9002)
   defining Unicode char U+2422 (decimal 9250)
   defining Unicode char U+25E6 (decimal 9702)
   defining Unicode char U+25EF (decimal 9711)
   defining Unicode char U+266A (decimal 9834)
   defining Unicode char U+FEFF (decimal 65279)
))
LaTeX Info: Redefining \oldstylenums on input line 334.
Package textcomp Info: Setting cmr sub-encoding to TS1/0 on input line 349.
Package textcomp Info: Setting cmss sub-encoding to TS1/0 on input line 350.
Package textcomp Info: Setting cmtt sub-encoding to TS1/0 on input line 351.
Package textcomp Info: Setting cmvtt sub-encoding to TS1/0 on input line 352.
Package textcomp Info: Setting cmbr sub-encoding to TS1/0 on input line 353.
Package textcomp Info: Setting cmtl sub-encoding to TS1/0 on input line 354.
Package textcomp Info: Setting ccr sub-encoding to TS1/0 on input line 355.
Package textcomp Info: Setting ptm sub-encoding to TS1/4 on input line 356.
Package textcomp Info: Setting pcr sub-encoding to TS1/4 on input line 357.
Package textcomp Info: Setting phv sub-encoding to TS1/4 on input line 358.
Package textcomp Info: Setting ppl sub-encoding to TS1/3 on input line 359.
Package textcomp Info: Setting pag sub-encoding to TS1/4 on input line 360.
Package textcomp Info: Setting pbk sub-encoding to TS1/4 on input line 361.
Package textcomp Info: Setting pnc sub-encoding to TS1/4 on input line 362.
Package textcomp Info: Setting pzc sub-encoding to TS1/4 on input line 363.
Package textcomp Info: Setting bch sub-encoding to TS1/4 on input line 364.
Package textcomp Info: Setting put sub-encoding to TS1/5 on input line 365.
Package textcomp Info: Setting uag sub-encoding to TS1/5 on input line 366.
Package textcomp Info: Setting ugq sub-encoding to TS1/5 on input line 367.
Package textcomp Info: Setting ul8 sub-encoding to TS1/4 on input line 368.
Package textcomp Info: Setting ul9 sub-encoding to TS1/4 on input line 369.
Package textcomp Info: Setting augie sub-encoding to TS1/5 on input line 370.
Package textcomp Info: Setting dayrom sub-encoding to TS1/3 on input line 371.
Package textcomp Info: Setting dayroms sub-encoding to TS1/3 on input line 372.

Package textcomp Info: Setting pxr sub-encoding to TS1/0 on input line 373.
Package textcomp Info: Setting pxss sub-encoding to TS1/0 on input line 374.
Package textcomp Info: Setting pxtt sub-encoding to TS1/0 on input line 375.
Package textcomp Info: Setting txr sub-encoding to TS1/0 on input line 376.
Package textcomp Info: Setting txss sub-encoding to TS1/0 on input line 377.
Package textcomp Info: Setting txtt sub-encoding to TS1/0 on input line 378.
Package textcomp Info: Setting lmr sub-encoding to TS1/0 on input line 379.
Package textcomp Info: Setting lmdh sub-encoding to TS1/0 on input line 380.
Package textcomp Info: Setting lmss sub-encoding to TS1/0 on input line 381.
Package textcomp Info: Setting lmssq sub-encoding to TS1/0 on input line 382.
Package textcomp Info: Setting lmvtt sub-encoding to TS1/0 on input line 383.
Package textcomp Info: Setting lmtt sub-encoding to TS1/0 on input line 384.
Package textcomp Info: Setting qhv sub-encoding to TS1/0 on input line 385.
Package textcomp Info: Setting qag sub-encoding to TS1/0 on input line 386.
Package textcomp Info: Setting qbk sub-encoding to TS1/0 on input line 387.
Package textcomp Info: Setting qcr sub-encoding to TS1/0 on input line 388.
Package textcomp Info: Setting qcs sub-encoding to TS1/0 on input line 389.
Package textcomp Info: Setting qpl sub-encoding to TS1/0 on input line 390.
Package textcomp Info: Setting qtm sub-encoding to TS1/0 on input line 391.
Package textcomp Info: Setting qzc sub-encoding to TS1/0 on input line 392.
Package textcomp Info: Setting qhvc sub-encoding to TS1/0 on input line 393.
Package textcomp Info: Setting futs sub-encoding to TS1/4 on input line 394.
Package textcomp Info: Setting futx sub-encoding to TS1/4 on input line 395.
Package textcomp Info: Setting futj sub-encoding to TS1/4 on input line 396.
Package textcomp Info: Setting hlh sub-encoding to TS1/3 on input line 397.
Package textcomp Info: Setting hls sub-encoding to TS1/3 on input line 398.
Package textcomp Info: Setting hlst sub-encoding to TS1/3 on input line 399.
Package textcomp Info: Setting hlct sub-encoding to TS1/5 on input line 400.
Package textcomp Info: Setting hlx sub-encoding to TS1/5 on input line 401.
Package textcomp Info: Setting hlce sub-encoding to TS1/5 on input line 402.
Package textcomp Info: Setting hlcn sub-encoding to TS1/5 on input line 403.
Package textcomp Info: Setting hlcw sub-encoding to TS1/5 on input line 404.
Package textcomp Info: Setting hlcf sub-encoding to TS1/5 on input line 405.
Package textcomp Info: Setting pplx sub-encoding to TS1/3 on input line 406.
Package textcomp Info: Setting pplj sub-encoding to TS1/3 on input line 407.
Package textcomp Info: Setting ptmx sub-encoding to TS1/4 on input line 408.
Package textcomp Info: Setting ptmj sub-encoding to TS1/4 on input line 409.
) (/usr/local/texlive/2019/texmf-dist/tex/latex/upquote/upquote.sty
Package: upquote 2012/04/19 v1.3 upright-quote and grave-accent glyphs in verba
tim
) (/usr/local/texlive/2019/texmf-dist/tex/latex/microtype/microtype.sty
Package: microtype 2019/02/28 v2.7b Micro-typographical refinements (RS)
(/usr/local/texlive/2019/texmf-dist/tex/latex/graphics/keyval.sty
Package: keyval 2014/10/28 v1.15 key=value parser (DPC)
\KV@toks@=\toks22
)
\MT@toks=\toks23
\MT@count=\count101
LaTeX Info: Redefining \textls on input line 790.
\MT@outer@kern=\dimen112
LaTeX Info: Redefining \textmicrotypecontext on input line 1336.
\MT@listname@count=\count102
(/usr/local/texlive/2019/texmf-dist/tex/latex/microtype/microtype-pdftex.def
File: microtype-pdftex.def 2019/02/28 v2.7b Definitions specific to pdftex (RS)

LaTeX Info: Redefining \lsstyle on input line 914.
LaTeX Info: Redefining \lslig on input line 914.
\MT@outer@space=\skip46
)
Package microtype Info: Loading configuration file microtype.cfg.
(/usr/local/texlive/2019/texmf-dist/tex/latex/microtype/microtype.cfg
File: microtype.cfg 2019/02/28 v2.7b microtype main configuration file (RS)
)) (/usr/local/texlive/2019/texmf-dist/tex/latex/parskip/parskip.sty
Package: parskip 2019-01-16 v2.0c non-zero parskip adjustments
(/usr/local/texlive/2019/texmf-dist/tex/latex/oberdiek/kvoptions.sty
Package: kvoptions 2016/05/16 v3.12 Key value format for package options (HO)
(/usr/local/texlive/2019/texmf-dist/tex/generic/oberdiek/ltxcmds.sty
Package: ltxcmds 2016/05/16 v1.23 LaTeX kernel commands for general use (HO)
) (/usr/local/texlive/2019/texmf-dist/tex/generic/oberdiek/kvsetkeys.sty
Package: kvsetkeys 2016/05/16 v1.17 Key value parser (HO)
(/usr/local/texlive/2019/texmf-dist/tex/generic/oberdiek/infwarerr.sty
Package: infwarerr 2016/05/16 v1.4 Providing info/warning/error messages (HO)
) (/usr/local/texlive/2019/texmf-dist/tex/generic/oberdiek/etexcmds.sty
Package: etexcmds 2016/05/16 v1.6 Avoid name clashes with e-TeX commands (HO)
))) (/usr/local/texlive/2019/texmf-dist/tex/latex/etoolbox/etoolbox.sty
Package: etoolbox 2018/08/19 v2.5f e-TeX tools for LaTeX (JAW)
\etb@tempcnta=\count103
)) (/usr/local/texlive/2019/texmf-dist/tex/latex/xcolor/xcolor.sty
Package: xcolor 2016/05/11 v2.12 LaTeX color extensions (UK)
(/usr/local/texlive/2019/texmf-dist/tex/latex/graphics-cfg/color.cfg
File: color.cfg 2016/01/02 v1.6 sample color configuration
)
Package xcolor Info: Driver file: pdftex.def on input line 225.
(/usr/local/texlive/2019/texmf-dist/tex/latex/graphics-def/pdftex.def
File: pdftex.def 2018/01/08 v1.0l Graphics/color driver for pdftex
)
Package xcolor Info: Model `cmy' substituted by `cmy0' on input line 1348.
Package xcolor Info: Model `hsb' substituted by `rgb' on input line 1352.
Package xcolor Info: Model `RGB' extended on input line 1364.
Package xcolor Info: Model `HTML' substituted by `rgb' on input line 1366.
Package xcolor Info: Model `Hsb' substituted by `hsb' on input line 1367.
Package xcolor Info: Model `tHsb' substituted by `hsb' on input line 1368.
Package xcolor Info: Model `HSB' substituted by `hsb' on input line 1369.
Package xcolor Info: Model `Gray' substituted by `gray' on input line 1370.
Package xcolor Info: Model `wave' substituted by `hsb' on input line 1371.
) (/usr/local/texlive/2019/texmf-dist/tex/latex/xurl/xurl.sty
Package: xurl 2018/12/23 v 0.07 modify URL breaks
(/usr/local/texlive/2019/texmf-dist/tex/latex/url/url.sty
\Urlmuskip=\muskip11
Package: url 2013/09/16  ver 3.4  Verb mode for urls, etc.
)) (/usr/local/texlive/2019/texmf-dist/tex/latex/oberdiek/bookmark.sty
Package: bookmark 2016/05/17 v1.26 PDF bookmarks (HO)
(/usr/local/texlive/2019/texmf-dist/tex/generic/oberdiek/pdfescape.sty
Package: pdfescape 2016/05/16 v1.14 Implements pdfTeX's escape features (HO)
(/usr/local/texlive/2019/texmf-dist/tex/generic/oberdiek/pdftexcmds.sty
Package: pdftexcmds 2018/09/10 v0.29 Utility functions of pdfTeX for LuaTeX (HO
)
(/usr/local/texlive/2019/texmf-dist/tex/generic/oberdiek/ifpdf.sty
Package: ifpdf 2018/09/07 v3.3 Provides the ifpdf switch
)
Package pdftexcmds Info: LuaTeX not detected.
Package pdftexcmds Info: \pdf@primitive is available.
Package pdftexcmds Info: \pdf@ifprimitive is available.
Package pdftexcmds Info: \pdfdraftmode found.
)) (/usr/local/texlive/2019/texmf-dist/tex/generic/oberdiek/ifvtex.sty
Package: ifvtex 2016/05/16 v1.6 Detect VTeX and its facilities (HO)
Package ifvtex Info: VTeX not detected.
) (/usr/local/texlive/2019/texmf-dist/tex/latex/hyperref/hyperref.sty
Package: hyperref 2018/11/30 v6.88e Hypertext links for LaTeX
(/usr/local/texlive/2019/texmf-dist/tex/generic/oberdiek/hobsub-hyperref.sty
Package: hobsub-hyperref 2016/05/16 v1.14 Bundle oberdiek, subset hyperref (HO)

(/usr/local/texlive/2019/texmf-dist/tex/generic/oberdiek/hobsub-generic.sty
Package: hobsub-generic 2016/05/16 v1.14 Bundle oberdiek, subset generic (HO)
Package: hobsub 2016/05/16 v1.14 Construct package bundles (HO)
Package hobsub Info: Skipping package `infwarerr' (already loaded).
Package hobsub Info: Skipping package `ltxcmds' (already loaded).
Package hobsub Info: Skipping package `ifluatex' (already loaded).
Package hobsub Info: Skipping package `ifvtex' (already loaded).
Package: intcalc 2016/05/16 v1.2 Expandable calculations with integers (HO)
Package hobsub Info: Skipping package `ifpdf' (already loaded).
Package hobsub Info: Skipping package `etexcmds' (already loaded).
Package hobsub Info: Skipping package `kvsetkeys' (already loaded).
Package: kvdefinekeys 2016/05/16 v1.4 Define keys (HO)
Package hobsub Info: Skipping package `pdftexcmds' (already loaded).
Package hobsub Info: Skipping package `pdfescape' (already loaded).
Package: bigintcalc 2016/05/16 v1.4 Expandable calculations on big integers (HO
)
Package: bitset 2016/05/16 v1.2 Handle bit-vector datatype (HO)
Package: uniquecounter 2016/05/16 v1.3 Provide unlimited unique counter (HO)
)
Package hobsub Info: Skipping package `hobsub' (already loaded).
Package: letltxmacro 2016/05/16 v1.5 Let assignment for LaTeX macros (HO)
Package: hopatch 2016/05/16 v1.3 Wrapper for package hooks (HO)
Package: xcolor-patch 2016/05/16 xcolor patch
Package: atveryend 2016/05/16 v1.9 Hooks at the very end of document (HO)
Package: atbegshi 2016/06/09 v1.18 At begin shipout hook (HO)
Package: refcount 2016/05/16 v3.5 Data extraction from label references (HO)
Package: hycolor 2016/05/16 v1.8 Color options for hyperref/bookmark (HO)
) (/usr/local/texlive/2019/texmf-dist/tex/latex/oberdiek/auxhook.sty
Package: auxhook 2016/05/16 v1.4 Hooks for auxiliary files (HO)
)
\@linkdim=\dimen113
\Hy@linkcounter=\count104
\Hy@pagecounter=\count105
(/usr/local/texlive/2019/texmf-dist/tex/latex/hyperref/pd1enc.def
File: pd1enc.def 2018/11/30 v6.88e Hyperref: PDFDocEncoding definition (HO)
Now handling font encoding PD1 ...
... no UTF-8 mapping file for font encoding PD1
)
\Hy@SavedSpaceFactor=\count106
(/usr/local/texlive/2019/texmf-dist/tex/latex/latexconfig/hyperref.cfg
File: hyperref.cfg 2002/06/06 v1.2 hyperref configuration of TeXLive
)
Package hyperref Info: Option `unicode' set `true' on input line 4393.
(/usr/local/texlive/2019/texmf-dist/tex/latex/hyperref/puenc.def
File: puenc.def 2018/11/30 v6.88e Hyperref: PDF Unicode definition (HO)
Now handling font encoding PU ...
... no UTF-8 mapping file for font encoding PU
)
Package hyperref Info: Hyper figures OFF on input line 4519.
Package hyperref Info: Link nesting OFF on input line 4524.
Package hyperref Info: Hyper index ON on input line 4527.
Package hyperref Info: Plain pages OFF on input line 4534.
Package hyperref Info: Backreferencing OFF on input line 4539.
Package hyperref Info: Implicit mode ON; LaTeX internals redefined.
Package hyperref Info: Bookmarks ON on input line 4772.
\c@Hy@tempcnt=\count107
LaTeX Info: Redefining \url on input line 5125.
\XeTeXLinkMargin=\dimen114
\Fld@menulength=\count108
\Field@Width=\dimen115
\Fld@charsize=\dimen116
Package hyperref Info: Hyper figures OFF on input line 6380.
Package hyperref Info: Link nesting OFF on input line 6385.
Package hyperref Info: Hyper index ON on input line 6388.
Package hyperref Info: backreferencing OFF on input line 6395.
Package hyperref Info: Link coloring OFF on input line 6400.
Package hyperref Info: Link coloring with OCG OFF on input line 6405.
Package hyperref Info: PDF/A mode OFF on input line 6410.
LaTeX Info: Redefining \ref on input line 6450.
LaTeX Info: Redefining \pageref on input line 6454.
\Hy@abspage=\count109
\c@Item=\count110
\c@Hfootnote=\count111
)
Package hyperref Info: Driver (autodetected): hpdftex.
(/usr/local/texlive/2019/texmf-dist/tex/latex/hyperref/hpdftex.def
File: hpdftex.def 2018/11/30 v6.88e Hyperref driver for pdfTeX
\Fld@listcount=\count112
\c@bookmark@seq@number=\count113
(/usr/local/texlive/2019/texmf-dist/tex/latex/oberdiek/rerunfilecheck.sty
Package: rerunfilecheck 2016/05/16 v1.8 Rerun checks for auxiliary files (HO)
Package uniquecounter Info: New unique counter `rerunfilecheck' on input line 2
82.
)
\Hy@SectionHShift=\skip47
) (/usr/local/texlive/2019/texmf-dist/tex/latex/oberdiek/bkm-pdftex.def
File: bkm-pdftex.def 2016/05/17 v1.26 bookmark driver for pdfTeX (HO)
\BKM@id=\count114
)) (/usr/local/texlive/2019/texmf-dist/tex/latex/fancyvrb/fancyvrb.sty
Package: fancyvrb 2019/01/15
Style option: `fancyvrb' v3.2a <2019/01/15> (tvz)
\FV@CodeLineNo=\count115
\FV@InFile=\read1
\FV@TabBox=\box29
\c@FancyVerbLine=\count116
\FV@StepNumber=\count117
\FV@OutFile=\write3
) (/usr/local/texlive/2019/texmf-dist/tex/latex/framed/framed.sty
Package: framed 2011/10/22 v 0.96: framed or shaded text with page breaks
\OuterFrameSep=\skip48
\fb@frw=\dimen117
\fb@frh=\dimen118
\FrameRule=\dimen119
\FrameSep=\dimen120
) (/usr/local/texlive/2019/texmf-dist/tex/latex/tools/longtable.sty
Package: longtable 2014/10/28 v4.11 Multi-page Table package (DPC)+ FMi change
\LTleft=\skip49
\LTright=\skip50
\LTpre=\skip51
\LTpost=\skip52
\LTchunksize=\count118
\LTcapwidth=\dimen121
\LT@head=\box30
\LT@firsthead=\box31
\LT@foot=\box32
\LT@lastfoot=\box33
\LT@cols=\count119
\LT@rows=\count120
\c@LT@tables=\count121
\c@LT@chunks=\count122
\LT@p@ftn=\toks24
) (/usr/local/texlive/2019/texmf-dist/tex/latex/booktabs/booktabs.sty
Package: booktabs 2016/04/27 v1.618033 publication quality tables
\heavyrulewidth=\dimen122
\lightrulewidth=\dimen123
\cmidrulewidth=\dimen124
\belowrulesep=\dimen125
\belowbottomsep=\dimen126
\aboverulesep=\dimen127
\abovetopsep=\dimen128
\cmidrulesep=\dimen129
\cmidrulekern=\dimen130
\defaultaddspace=\dimen131
\@cmidla=\count123
\@cmidlb=\count124
\@aboverulesep=\dimen132
\@belowrulesep=\dimen133
\@thisruleclass=\count125
\@lastruleclass=\count126
\@thisrulewidth=\dimen134
) (/usr/local/texlive/2019/texmf-dist/tex/latex/footnotehyper/footnotehyper.sty
Package: footnotehyper 2018/01/23 v1.1 hyperref aware footnote.sty (JFB)
\FNH@notes=\box34
\FNH@width=\dimen135
) (/usr/local/texlive/2019/texmf-dist/tex/latex/graphics/graphicx.sty
Package: graphicx 2017/06/01 v1.1a Enhanced LaTeX Graphics (DPC,SPQR)
(/usr/local/texlive/2019/texmf-dist/tex/latex/graphics/graphics.sty
Package: graphics 2017/06/25 v1.2c Standard LaTeX Graphics (DPC,SPQR)
(/usr/local/texlive/2019/texmf-dist/tex/latex/graphics/trig.sty
Package: trig 2016/01/03 v1.10 sin cos tan (DPC)
) (/usr/local/texlive/2019/texmf-dist/tex/latex/graphics-cfg/graphics.cfg
File: graphics.cfg 2016/06/04 v1.11 sample graphics configuration
)
Package graphics Info: Driver file: pdftex.def on input line 99.
)
\Gin@req@height=\dimen136
\Gin@req@width=\dimen137
) (/usr/local/texlive/2019/texmf-dist/tex/latex/oberdiek/grffile.sty
Package: grffile 2017/06/30 v1.18 Extended file name support for graphics (HO)
Package grffile Info: Option `multidot' is set to `true'.
Package grffile Info: Option `extendedchars' is set to `false'.
Package grffile Info: Option `space' is set to `true'.
Package grffile Info: \Gin@ii of package `graphicx' fixed on input line 494.
)
LaTeX Info: Redefining \href on input line 106.
(/usr/local/texlive/2019/texmf-dist/tex/latex/fancyhdr/fancyhdr.sty
Package: fancyhdr 2019/01/31 v3.10 Extensive control of page headers and footer
s
\f@nch@headwidth=\skip53
\f@nch@O@elh=\skip54
\f@nch@O@erh=\skip55
\f@nch@O@olh=\skip56
\f@nch@O@orh=\skip57
\f@nch@O@elf=\skip58
\f@nch@O@erf=\skip59
\f@nch@O@olf=\skip60
\f@nch@O@orf=\skip61
) (./r-intro-2.aux)
\openout1 = `r-intro-2.aux'.

LaTeX Font Info:    Checking defaults for OML/cmm/m/it on input line 118.
LaTeX Font Info:    ... okay on input line 118.
LaTeX Font Info:    Checking defaults for T1/cmr/m/n on input line 118.
LaTeX Font Info:    ... okay on input line 118.
LaTeX Font Info:    Checking defaults for OT1/cmr/m/n on input line 118.
LaTeX Font Info:    ... okay on input line 118.
LaTeX Font Info:    Checking defaults for OMS/cmsy/m/n on input line 118.
LaTeX Font Info:    ... okay on input line 118.
LaTeX Font Info:    Checking defaults for OMX/cmex/m/n on input line 118.
LaTeX Font Info:    ... okay on input line 118.
LaTeX Font Info:    Checking defaults for U/cmr/m/n on input line 118.
LaTeX Font Info:    ... okay on input line 118.
LaTeX Font Info:    Checking defaults for TS1/cmr/m/n on input line 118.
LaTeX Font Info:    Try loading font information for TS1+cmr on input line 118.

(/usr/local/texlive/2019/texmf-dist/tex/latex/base/ts1cmr.fd
File: ts1cmr.fd 2014/09/29 v2.5h Standard LaTeX font definitions
)
LaTeX Font Info:    ... okay on input line 118.
LaTeX Font Info:    Checking defaults for PD1/pdf/m/n on input line 118.
LaTeX Font Info:    ... okay on input line 118.
LaTeX Font Info:    Checking defaults for PU/pdf/m/n on input line 118.
LaTeX Font Info:    ... okay on input line 118.
LaTeX Font Info:    Try loading font information for T1+lmr on input line 118.
(/usr/local/texlive/2019/texmf-dist/tex/latex/lm/t1lmr.fd
File: t1lmr.fd 2009/10/30 v1.6 Font defs for Latin Modern
)
LaTeX Info: Redefining \microtypecontext on input line 118.
Package microtype Info: Generating PDF output.
Package microtype Info: Character protrusion enabled (level 2).
Package microtype Info: Using protrusion set `basicmath'.
Package microtype Info: Automatic font expansion enabled (level 2),
(microtype)             stretch: 20, shrink: 20, step: 1, non-selected.
Package microtype Info: Using default expansion set `basictext'.
Package microtype Info: No adjustment of tracking.
Package microtype Info: No adjustment of interword spacing.
Package microtype Info: No adjustment of character kerning.
(/usr/local/texlive/2019/texmf-dist/tex/latex/microtype/mt-cmr.cfg
File: mt-cmr.cfg 2013/05/19 v2.2 microtype config. file: Computer Modern Roman 
(RS)
) (/usr/local/texlive/2019/texmf-dist/tex/context/base/mkii/supp-pdf.mkii
[Loading MPS to PDF converter (version 2006.09.02).]
\scratchcounter=\count127
\scratchdimen=\dimen138
\scratchbox=\box35
\nofMPsegments=\count128
\nofMParguments=\count129
\everyMPshowfont=\toks25
\MPscratchCnt=\count130
\MPscratchDim=\dimen139
\MPnumerator=\count131
\makeMPintoPDFobject=\count132
\everyMPtoPDFconversion=\toks26
) (/usr/local/texlive/2019/texmf-dist/tex/latex/oberdiek/epstopdf-base.sty
Package: epstopdf-base 2016/05/15 v2.6 Base part for package epstopdf
(/usr/local/texlive/2019/texmf-dist/tex/latex/oberdiek/grfext.sty
Package: grfext 2016/05/16 v1.2 Manage graphics extensions (HO)
)
Package epstopdf-base Info: Redefining graphics rule for `.eps' on input line 4
38.
Package grfext Info: Graphics extension search list:
(grfext)             [.pdf,.png,.jpg,.mps,.jpeg,.jbig2,.jb2,.PDF,.PNG,.JPG,.JPE
G,.JBIG2,.JB2,.eps]
(grfext)             \AppendGraphicsExtensions on input line 456.
(/usr/local/texlive/2019/texmf-dist/tex/latex/latexconfig/epstopdf-sys.cfg
File: epstopdf-sys.cfg 2010/07/13 v1.3 Configuration of (r)epstopdf for TeX Liv
e
))
\AtBeginShipoutBox=\box36
Package hyperref Info: Link coloring OFF on input line 118.
(/usr/local/texlive/2019/texmf-dist/tex/latex/hyperref/nameref.sty
Package: nameref 2016/05/21 v2.44 Cross-referencing by name of section
(/usr/local/texlive/2019/texmf-dist/tex/generic/oberdiek/gettitlestring.sty
Package: gettitlestring 2016/05/16 v1.5 Cleanup title references (HO)
)
\c@section@level=\count133
)
LaTeX Info: Redefining \ref on input line 118.
LaTeX Info: Redefining \pageref on input line 118.
LaTeX Info: Redefining \nameref on input line 118.
LaTeX Font Info:    Try loading font information for OT1+lmr on input line 120.

(/usr/local/texlive/2019/texmf-dist/tex/latex/lm/ot1lmr.fd
File: ot1lmr.fd 2009/10/30 v1.6 Font defs for Latin Modern
)
LaTeX Font Info:    Try loading font information for OML+lmm on input line 120.

(/usr/local/texlive/2019/texmf-dist/tex/latex/lm/omllmm.fd
File: omllmm.fd 2009/10/30 v1.6 Font defs for Latin Modern
)
LaTeX Font Info:    Try loading font information for OMS+lmsy on input line 120
.
(/usr/local/texlive/2019/texmf-dist/tex/latex/lm/omslmsy.fd
File: omslmsy.fd 2009/10/30 v1.6 Font defs for Latin Modern
)
LaTeX Font Info:    Try loading font information for OMX+lmex on input line 120
.
(/usr/local/texlive/2019/texmf-dist/tex/latex/lm/omxlmex.fd
File: omxlmex.fd 2009/10/30 v1.6 Font defs for Latin Modern
)
LaTeX Font Info:    External font `lmex10' loaded for size
(Font)              <12> on input line 120.
LaTeX Font Info:    External font `lmex10' loaded for size
(Font)              <8> on input line 120.
LaTeX Font Info:    External font `lmex10' loaded for size
(Font)              <6> on input line 120.
LaTeX Font Info:    Try loading font information for U+msa on input line 120.
(/usr/local/texlive/2019/texmf-dist/tex/latex/amsfonts/umsa.fd
File: umsa.fd 2013/01/14 v3.01 AMS symbols A
) (/usr/local/texlive/2019/texmf-dist/tex/latex/microtype/mt-msa.cfg
File: mt-msa.cfg 2006/02/04 v1.1 microtype config. file: AMS symbols (a) (RS)
)
LaTeX Font Info:    Try loading font information for U+msb on input line 120.
(/usr/local/texlive/2019/texmf-dist/tex/latex/amsfonts/umsb.fd
File: umsb.fd 2013/01/14 v3.01 AMS symbols B
) (/usr/local/texlive/2019/texmf-dist/tex/latex/microtype/mt-msb.cfg
File: mt-msb.cfg 2005/06/01 v1.0 microtype config. file: AMS symbols (b) (RS)
)

LaTeX Warning: No \author given.

[1

{/usr/local/texlive/2019/texmf-var/fonts/map/pdftex/updmap/pdftex.map}] (./r-in
tro-2.toc
LaTeX Font Info:    External font `lmex10' loaded for size
(Font)              <10> on input line 5.
LaTeX Font Info:    External font `lmex10' loaded for size
(Font)              <7> on input line 5.
LaTeX Font Info:    External font `lmex10' loaded for size
(Font)              <5> on input line 5.
pdfTeX warning (ext4): destination with the same identifier (name{page.1}) has 
been already used, duplicate ignored
<to be read again> 
                   \relax 
l.56 ...umberline {5}Thinking in R}{41}{chapter.5}
                                                  % [1

])
\tf@toc=\write4
\openout4 = `r-intro-2.toc'.

[2]
<figures/R.jpg, id=105, 501.875pt x 517.935pt>
File: figures/R.jpg Graphic file (type jpg)
<use figures/R.jpg>
Package pdftex.def Info: figures/R.jpg  used on input line 129.
(pdftex.def)             Requested size: 86.24423pt x 89.00404pt.
LaTeX Font Info:    Try loading font information for TS1+lmr on input line 136.

(/usr/local/texlive/2019/texmf-dist/tex/latex/lm/ts1lmr.fd
File: ts1lmr.fd 2009/10/30 v1.6 Font defs for Latin Modern
)
LaTeX Font Info:    Try loading font information for T1+lmtt on input line 165.

(/usr/local/texlive/2019/texmf-dist/tex/latex/lm/t1lmtt.fd
File: t1lmtt.fd 2009/10/30 v1.6 Font defs for Latin Modern
) [3

 <./figures/R.jpg>]
<figures/CC-BY.png, id=146, 88.33pt x 31.11626pt>
File: figures/CC-BY.png Graphic file (type png)
<use figures/CC-BY.png>
Package pdftex.def Info: figures/CC-BY.png  used on input line 179.
(pdftex.def)             Requested size: 88.17073pt x 31.06013pt.
[4 <./figures/CC-BY.png>]
Chapter 1.
<figures/rstudio.png, id=168, 1005.7575pt x 579.16376pt>
File: figures/rstudio.png Graphic file (type png)
<use figures/rstudio.png>
Package pdftex.def Info: figures/rstudio.png  used on input line 212.
(pdftex.def)             Requested size: 344.99165pt x 198.66286pt.
[5

]
LaTeX Font Info:    Font shape `T1/lmtt/bx/n' in size <10> not available
(Font)              Font shape `T1/lmtt/b/n' tried instead on input line 218.
[6 <./figures/rstudio.png>] [7] [8] [9]
<starting_files/figure-latex/unnamed-chunk-19-1.pdf, id=213, 404.51125pt x 180.
675pt>
File: starting_files/figure-latex/unnamed-chunk-19-1.pdf Graphic file (type pdf
)
<use starting_files/figure-latex/unnamed-chunk-19-1.pdf>
Package pdftex.def Info: starting_files/figure-latex/unnamed-chunk-19-1.pdf  us
ed on input line 584.
(pdftex.def)             Requested size: 345.00275pt x 154.0955pt.
[10 <./starting_files/figure-latex/unnamed-chunk-19-1.pdf>]
Overfull \hbox (6.74898pt too wide) in paragraph at lines 631--631
[]\T1/lmtt/m/n/10 ##  [1] 1 2 3 1 2 3 1 2 3 1 2 3 1 2 3 1 2 3 1 2 3 1 2 3 1 2 3
 1 2 3[] 
 []


Overfull \hbox (6.74898pt too wide) in paragraph at lines 643--643
[]\T1/lmtt/m/n/10 ##  [1] 1 2 3 1 2 3 1 2 3 1 2 3 1 2 3 1 2 3 1 2 3 1 2 3 1 2 3
 1 2 3[] 
 []


Overfull \hbox (6.74898pt too wide) in paragraph at lines 653--653
[]\T1/lmtt/m/n/10 ##  [1] 1 2 3 1 2 3 1 2 3 1 2 3 1 2 3 1 2 3 1 2 3 1 2 3 1 2 3
 1 2 3[] 
 []


Overfull \hbox (6.74898pt too wide) in paragraph at lines 663--663
[]\T1/lmtt/m/n/10 ##  [1] 1 2 3 1 2 3 1 2 3 1 2 3 1 2 3 1 2 3 1 2 3 1 2 3 1 2 3
 1 2 3[] 
 []


Overfull \hbox (90.74873pt too wide) in paragraph at lines 686--686
[]\T1/lmtt/m/n/10 ##  [1] 1 1 1 2 2 2 3 3 3 1 1 1 2 2 2 3 3 3 1 1 1 2 2 2 3 3 3
 1 1 1 2 2 2 3 3 3 1 1[] 
 []

[11] [12]
Chapter 2.
[13

]
Overfull \hbox (22.49893pt too wide) in paragraph at lines 807--807
[]\T1/lmtt/m/n/10 ##    name                region   oecd  g77     lat   long i
ncome2017[] 
 []

[14]
Overfull \hbox (17.24895pt too wide) in paragraph at lines 807--807
[]\T1/lmtt/m/n/10 ##  2 Albania             europe   FALSE FALSE  41    20    u
pper_mid[] 
 []


Overfull \hbox (17.24895pt too wide) in paragraph at lines 807--807
[]\T1/lmtt/m/n/10 ##  3 Algeria             africa   FALSE TRUE   28     3    u
pper_mid[] 
 []


Overfull \hbox (17.24895pt too wide) in paragraph at lines 807--807
[]\T1/lmtt/m/n/10 ##  5 Angola              africa   FALSE TRUE  -12.5  18.5  l
ower_mid[] 
 []


Overfull \hbox (17.24895pt too wide) in paragraph at lines 807--807
[]\T1/lmtt/m/n/10 ##  7 Argentina           americas FALSE TRUE  -34   -64    u
pper_mid[] 
 []


Overfull \hbox (17.24895pt too wide) in paragraph at lines 807--807
[]\T1/lmtt/m/n/10 ##  8 Armenia             europe   FALSE FALSE  40.2  45    l
ower_mid[] 
 []

[15]
<figures/import.png, id=268, 400.49625pt x 253.94875pt>
File: figures/import.png Graphic file (type png)
<use figures/import.png>
Package pdftex.def Info: figures/import.png  used on input line 864.
(pdftex.def)             Requested size: 172.50336pt x 109.38182pt.

Overfull \hbox (27.74892pt too wide) in paragraph at lines 937--937
[]\T1/lmtt/m/n/10 ##  Length:196         Length:196         Mode :logical   Mod
e :logical[] 
 []


Overfull \hbox (1.499pt too wide) in paragraph at lines 937--937
[]\T1/lmtt/m/n/10 ##  Class :character   Class :character   FALSE:165       FAL
SE:65[] 
 []


Overfull \hbox (6.74898pt too wide) in paragraph at lines 937--937
[]\T1/lmtt/m/n/10 ##  Mode  :character   Mode  :character   TRUE :31        TRU
E :131[] 
 []

[16 <./figures/import.png>] [17]
Overfull \hbox (17.24895pt too wide) in paragraph at lines 1064--1064
[]\T1/lmtt/m/n/10 ##   name                region   oecd  g77     lat   long in
come2017[] 
 []


Overfull \hbox (11.99896pt too wide) in paragraph at lines 1064--1064
[]\T1/lmtt/m/n/10 ## 2 Albania             europe   FALSE FALSE  41    20    up
per_mid[] 
 []


Overfull \hbox (11.99896pt too wide) in paragraph at lines 1064--1064
[]\T1/lmtt/m/n/10 ## 3 Algeria             africa   FALSE TRUE   28     3    up
per_mid[] 
 []


Overfull \hbox (11.99896pt too wide) in paragraph at lines 1064--1064
[]\T1/lmtt/m/n/10 ## 5 Angola              africa   FALSE TRUE  -12.5  18.5  lo
wer_mid[] 
 []


Overfull \hbox (11.99896pt too wide) in paragraph at lines 1064--1064
[]\T1/lmtt/m/n/10 ## 7 Argentina           americas FALSE TRUE  -34   -64    up
per_mid[] 
 []


Overfull \hbox (32.9989pt too wide) in paragraph at lines 1081--1081
[]\T1/lmtt/m/n/10 ## [1] "asia"     "europe"   "africa"   "europe"   "africa"  
 "americas"[] 
 []


Overfull \hbox (32.9989pt too wide) in paragraph at lines 1091--1091
[]\T1/lmtt/m/n/10 ## [1] "asia"     "europe"   "africa"   "europe"   "africa"  
 "americas"[] 
 []

[18]
<data_frames_files/figure-latex/unnamed-chunk-17-1.pdf, id=287, 401.5pt x 178.6
675pt>
File: data_frames_files/figure-latex/unnamed-chunk-17-1.pdf Graphic file (type 
pdf)
<use data_frames_files/figure-latex/unnamed-chunk-17-1.pdf>
Package pdftex.def Info: data_frames_files/figure-latex/unnamed-chunk-17-1.pdf 
 used on input line 1113.
(pdftex.def)             Requested size: 345.02596pt x 153.53654pt.

Overfull \hbox (1.499pt too wide) in paragraph at lines 1171--1171
[]\T1/lmtt/m/n/10 ##    name             region   oecd  g77     lat  long incom
e2017[] 
 []

[19 <./data_frames_files/figure-latex/unnamed-chunk-17-1.pdf>]
Overfull \hbox (69.7488pt too wide) in paragraph at lines 1247--1247
[]\T1/lmtt/m/n/10 ##    name                region   oecd  g77     lat   long i
ncome2017 southern[] 
 []


Overfull \hbox (53.99884pt too wide) in paragraph at lines 1247--1247
[]\T1/lmtt/m/n/10 ##    <chr>               <chr>    <lgl> <lgl> <dbl>  <dbl> <
chr>      <lgl>[] 
 []


Overfull \hbox (53.99884pt too wide) in paragraph at lines 1247--1247
[]\T1/lmtt/m/n/10 ##  1 Afghanistan         asia     FALSE TRUE   33    66    l
ow        FALSE[] 
 []


Overfull \hbox (53.99884pt too wide) in paragraph at lines 1247--1247
[]\T1/lmtt/m/n/10 ##  2 Albania             europe   FALSE FALSE  41    20    u
pper_mid  FALSE[] 
 []


Overfull \hbox (53.99884pt too wide) in paragraph at lines 1247--1247
[]\T1/lmtt/m/n/10 ##  3 Algeria             africa   FALSE TRUE   28     3    u
pper_mid  FALSE[] 
 []


Overfull \hbox (53.99884pt too wide) in paragraph at lines 1247--1247
[]\T1/lmtt/m/n/10 ##  4 Andorra             europe   FALSE FALSE  42.5   1.52 h
igh       FALSE[] 
 []

[20]
Overfull \hbox (48.74886pt too wide) in paragraph at lines 1247--1247
[]\T1/lmtt/m/n/10 ##  5 Angola              africa   FALSE TRUE  -12.5  18.5  l
ower_mid  TRUE[] 
 []


Overfull \hbox (53.99884pt too wide) in paragraph at lines 1247--1247
[]\T1/lmtt/m/n/10 ##  6 Antigua and Barbuda americas FALSE TRUE   17.0 -61.8  h
igh       FALSE[] 
 []


Overfull \hbox (48.74886pt too wide) in paragraph at lines 1247--1247
[]\T1/lmtt/m/n/10 ##  7 Argentina           americas FALSE TRUE  -34   -64    u
pper_mid  TRUE[] 
 []


Overfull \hbox (53.99884pt too wide) in paragraph at lines 1247--1247
[]\T1/lmtt/m/n/10 ##  8 Armenia             europe   FALSE FALSE  40.2  45    l
ower_mid  FALSE[] 
 []


Overfull \hbox (48.74886pt too wide) in paragraph at lines 1247--1247
[]\T1/lmtt/m/n/10 ##  9 Australia           asia     TRUE  FALSE -25   135    h
igh       TRUE[] 
 []


Overfull \hbox (53.99884pt too wide) in paragraph at lines 1247--1247
[]\T1/lmtt/m/n/10 ## 10 Austria             europe   TRUE  FALSE  47.3  13.3  h
igh       FALSE[] 
 []

LaTeX Font Info:    Font shape `T1/lmtt/bx/n' in size <12> not available
(Font)              Font shape `T1/lmtt/b/n' tried instead on input line 1264.

Overfull \hbox (17.24895pt too wide) in paragraph at lines 1281--1281
[]\T1/lmtt/m/n/10 ##   name        region   oecd  g77     lat  long income2017 
southern[] 
 []


Overfull \hbox (1.499pt too wide) in paragraph at lines 1281--1281
[]\T1/lmtt/m/n/10 ##   <chr>       <chr>    <lgl> <lgl> <dbl> <dbl> <chr>      
<lgl>[] 
 []

[21]
<data_frames_files/figure-latex/unnamed-chunk-27-1.pdf, id=316, 358.33875pt x 1
50.5625pt>
File: data_frames_files/figure-latex/unnamed-chunk-27-1.pdf Graphic file (type 
pdf)
<use data_frames_files/figure-latex/unnamed-chunk-27-1.pdf>
Package pdftex.def Info: data_frames_files/figure-latex/unnamed-chunk-27-1.pdf 
 used on input line 1371.
(pdftex.def)             Requested size: 345.02377pt x 144.96796pt.
[22]
<data_frames_files/figure-latex/unnamed-chunk-28-1.pdf, id=321, 423.5825pt x 17
6.66pt>
File: data_frames_files/figure-latex/unnamed-chunk-28-1.pdf Graphic file (type 
pdf)
<use data_frames_files/figure-latex/unnamed-chunk-28-1.pdf>
Package pdftex.def Info: data_frames_files/figure-latex/unnamed-chunk-28-1.pdf 
 used on input line 1381.
(pdftex.def)             Requested size: 345.01309pt x 143.89171pt.
[23 <./data_frames_files/figure-latex/unnamed-chunk-27-1.pdf> <./data_frames_fi
les/figure-latex/unnamed-chunk-28-1.pdf>]
Overfull \hbox (27.74892pt too wide) in paragraph at lines 1480--1480
[]\T1/lmtt/m/n/10 ##    name         region   oecd  g77     lat  long income201
7 southern[] 
 []


Overfull \hbox (11.99896pt too wide) in paragraph at lines 1480--1480
[]\T1/lmtt/m/n/10 ##    <chr>        <chr>    <lgl> <lgl> <dbl> <dbl> <fct>    
  <lgl>[] 
 []


Overfull \hbox (6.74898pt too wide) in paragraph at lines 1480--1480
[]\T1/lmtt/m/n/10 ##  1 New Zealand  asia     TRUE  FALSE -42   174   high     
  TRUE[] 
 []


Overfull \hbox (6.74898pt too wide) in paragraph at lines 1480--1480
[]\T1/lmtt/m/n/10 ##  2 Argentina    americas FALSE TRUE  -34   -64   upper_mid
  TRUE[] 
 []


Overfull \hbox (6.74898pt too wide) in paragraph at lines 1480--1480
[]\T1/lmtt/m/n/10 ##  3 Chile        americas TRUE  TRUE  -33.5 -70.6 high     
  TRUE[] 
 []


Overfull \hbox (6.74898pt too wide) in paragraph at lines 1480--1480
[]\T1/lmtt/m/n/10 ##  4 Uruguay      americas FALSE TRUE  -33   -56   high     
  TRUE[] 
 []


Overfull \hbox (6.74898pt too wide) in paragraph at lines 1480--1480
[]\T1/lmtt/m/n/10 ##  5 Lesotho      africa   FALSE TRUE  -29.5  28.2 lower_mid
  TRUE[] 
 []


Overfull \hbox (6.74898pt too wide) in paragraph at lines 1480--1480
[]\T1/lmtt/m/n/10 ##  6 South Africa africa   FALSE TRUE  -29    24   upper_mid
  TRUE[] 
 []


Overfull \hbox (6.74898pt too wide) in paragraph at lines 1480--1480
[]\T1/lmtt/m/n/10 ##  7 Swaziland    africa   FALSE TRUE  -26.5  31.5 lower_mid
  TRUE[] 
 []

[24]
Overfull \hbox (6.74898pt too wide) in paragraph at lines 1480--1480
[]\T1/lmtt/m/n/10 ##  8 Australia    asia     TRUE  FALSE -25   135   high     
  TRUE[] 
 []


Overfull \hbox (6.74898pt too wide) in paragraph at lines 1480--1480
[]\T1/lmtt/m/n/10 ##  9 Paraguay     americas FALSE TRUE  -23.3 -58   upper_mid
  TRUE[] 
 []


Overfull \hbox (6.74898pt too wide) in paragraph at lines 1480--1480
[]\T1/lmtt/m/n/10 ## 10 Botswana     africa   FALSE TRUE  -22    24   upper_mid
  TRUE[] 
 []


Overfull \hbox (43.49887pt too wide) in paragraph at lines 1505--1505
[]\T1/lmtt/m/n/10 ##    name           region   oecd  g77     lat   long income
2017 southern[] 
 []


Overfull \hbox (27.74892pt too wide) in paragraph at lines 1505--1505
[]\T1/lmtt/m/n/10 ##    <chr>          <chr>    <lgl> <lgl> <dbl>  <dbl> <fct> 
     <lgl>[] 
 []


Overfull \hbox (22.49893pt too wide) in paragraph at lines 1505--1505
[]\T1/lmtt/m/n/10 ##  1 Zimbabwe       africa   FALSE TRUE  -19    29.8  low   
     TRUE[] 
 []


Overfull \hbox (22.49893pt too wide) in paragraph at lines 1505--1505
[]\T1/lmtt/m/n/10 ##  2 Zambia         africa   FALSE TRUE  -14.3  28.5  lower_
mid  TRUE[] 
 []


Overfull \hbox (27.74892pt too wide) in paragraph at lines 1505--1505
[]\T1/lmtt/m/n/10 ##  3 Yemen          asia     FALSE TRUE   15.5  47.5  lower_
mid  FALSE[] 
 []


Overfull \hbox (27.74892pt too wide) in paragraph at lines 1505--1505
[]\T1/lmtt/m/n/10 ##  4 Vietnam        asia     FALSE TRUE   16.2 108.   lower_
mid  FALSE[] 
 []


Overfull \hbox (27.74892pt too wide) in paragraph at lines 1505--1505
[]\T1/lmtt/m/n/10 ##  5 Venezuela      americas FALSE TRUE    8   -66    upper_
mid  FALSE[] 
 []


Overfull \hbox (22.49893pt too wide) in paragraph at lines 1505--1505
[]\T1/lmtt/m/n/10 ##  6 Vanuatu        asia     FALSE TRUE  -16   167    lower_
mid  TRUE[] 
 []


Overfull \hbox (27.74892pt too wide) in paragraph at lines 1505--1505
[]\T1/lmtt/m/n/10 ##  7 Uzbekistan     asia     FALSE FALSE  41.7  63.8  lower_
mid  FALSE[] 
 []


Overfull \hbox (22.49893pt too wide) in paragraph at lines 1505--1505
[]\T1/lmtt/m/n/10 ##  8 Uruguay        americas FALSE TRUE  -33   -56    high  
     TRUE[] 
 []


Overfull \hbox (27.74892pt too wide) in paragraph at lines 1505--1505
[]\T1/lmtt/m/n/10 ##  9 United States  americas TRUE  FALSE  39.8 -98.5  high  
     FALSE[] 
 []


Overfull \hbox (27.74892pt too wide) in paragraph at lines 1505--1505
[]\T1/lmtt/m/n/10 ## 10 United Kingdom europe   TRUE  FALSE  54.8  -2.70 high  
     FALSE[] 
 []

[25]
Overfull \hbox (74.99878pt too wide) in paragraph at lines 1571--1571
[]\T1/lmtt/m/n/10 ##    name   year population gdp_percap life_exp region oecd 
 g77     lat   long[] 
 []


Overfull \hbox (74.99878pt too wide) in paragraph at lines 1571--1571
[]\T1/lmtt/m/n/10 ##    <chr> <dbl>      <dbl>      <dbl>    <dbl> <chr>  <lgl>
 <lgl> <dbl>  <dbl>[] 
 []


Overfull \hbox (59.24883pt too wide) in paragraph at lines 1571--1571
[]\T1/lmtt/m/n/10 ##  1 Afgh~  1800    3280000        603     28.2 asia   FALSE
 TRUE   33    66[] 
 []


Overfull \hbox (59.24883pt too wide) in paragraph at lines 1571--1571
[]\T1/lmtt/m/n/10 ##  2 Alba~  1800     410445        667     35.4 europe FALSE
 FALSE  41    20[] 
 []


Overfull \hbox (59.24883pt too wide) in paragraph at lines 1571--1571
[]\T1/lmtt/m/n/10 ##  3 Alge~  1800    2503218        715     28.8 africa FALSE
 TRUE   28     3[] 
 []


Overfull \hbox (74.99878pt too wide) in paragraph at lines 1571--1571
[]\T1/lmtt/m/n/10 ##  4 Ando~  1800       2654       1197     NA   europe FALSE
 FALSE  42.5   1.52[] 
 []


Overfull \hbox (69.7488pt too wide) in paragraph at lines 1571--1571
[]\T1/lmtt/m/n/10 ##  5 Ango~  1800    1567028        618     27.0 africa FALSE
 TRUE  -12.5  18.5[] 
 []


Overfull \hbox (69.7488pt too wide) in paragraph at lines 1571--1571
[]\T1/lmtt/m/n/10 ##  6 Anti~  1800      37000        757     33.5 ameri~ FALSE
 TRUE   17.0 -61.8[] 
 []


Overfull \hbox (59.24883pt too wide) in paragraph at lines 1571--1571
[]\T1/lmtt/m/n/10 ##  7 Arge~  1800     534000       1507     33.2 ameri~ FALSE
 TRUE  -34   -64[] 
 []


Overfull \hbox (59.24883pt too wide) in paragraph at lines 1571--1571
[]\T1/lmtt/m/n/10 ##  8 Arme~  1800     413326        514     34   europe FALSE
 FALSE  40.2  45[] 
 []


Overfull \hbox (59.24883pt too wide) in paragraph at lines 1571--1571
[]\T1/lmtt/m/n/10 ##  9 Aust~  1800     351014        814     34.0 asia   TRUE 
 FALSE -25   135[] 
 []


Overfull \hbox (69.7488pt too wide) in paragraph at lines 1571--1571
[]\T1/lmtt/m/n/10 ## 10 Aust~  1800    3205587       1847     34.4 europe TRUE 
 FALSE  47.3  13.3[] 
 []


Overfull \hbox (22.49893pt too wide) in paragraph at lines 1571--1571
[]\T1/lmtt/m/n/10 ## # ... with 4,302 more rows, and 2 more variables: income20
17 <fct>,[] 
 []

[26]
Chapter 3.
<plotting_files/figure-latex/unnamed-chunk-4-1.pdf, id=384, 423.5825pt x 206.77
25pt>
File: plotting_files/figure-latex/unnamed-chunk-4-1.pdf Graphic file (type pdf)

<use plotting_files/figure-latex/unnamed-chunk-4-1.pdf>
Package pdftex.def Info: plotting_files/figure-latex/unnamed-chunk-4-1.pdf  use
d on input line 1630.
(pdftex.def)             Requested size: 345.01309pt x 168.4187pt.
[27

]
<plotting_files/figure-latex/unnamed-chunk-5-1.pdf, id=396, 417.56pt x 206.7725
pt>
File: plotting_files/figure-latex/unnamed-chunk-5-1.pdf Graphic file (type pdf)

<use plotting_files/figure-latex/unnamed-chunk-5-1.pdf>
Package pdftex.def Info: plotting_files/figure-latex/unnamed-chunk-5-1.pdf  use
d on input line 1643.
(pdftex.def)             Requested size: 345.02007pt x 170.85127pt.
[28 <./plotting_files/figure-latex/unnamed-chunk-4-1.pdf> <./plotting_files/fig
ure-latex/unnamed-chunk-5-1.pdf>]
<plotting_files/figure-latex/unnamed-chunk-7-1.pdf, id=417, 417.56pt x 206.7725
pt>
File: plotting_files/figure-latex/unnamed-chunk-7-1.pdf Graphic file (type pdf)

<use plotting_files/figure-latex/unnamed-chunk-7-1.pdf>
Package pdftex.def Info: plotting_files/figure-latex/unnamed-chunk-7-1.pdf  use
d on input line 1682.
(pdftex.def)             Requested size: 345.02007pt x 170.85127pt.
<plotting_files/figure-latex/unnamed-chunk-8-1.pdf, id=418, 423.5825pt x 206.77
25pt>
File: plotting_files/figure-latex/unnamed-chunk-8-1.pdf Graphic file (type pdf)

<use plotting_files/figure-latex/unnamed-chunk-8-1.pdf>
Package pdftex.def Info: plotting_files/figure-latex/unnamed-chunk-8-1.pdf  use
d on input line 1693.
(pdftex.def)             Requested size: 345.01309pt x 168.4187pt.
[29 <./plotting_files/figure-latex/unnamed-chunk-7-1.pdf> <./plotting_files/fig
ure-latex/unnamed-chunk-8-1.pdf>]
LaTeX Font Info:    Try loading font information for TS1+lmtt on input line 170
7.
(/usr/local/texlive/2019/texmf-dist/tex/latex/lm/ts1lmtt.fd
File: ts1lmtt.fd 2009/10/30 v1.6 Font defs for Latin Modern
)
Overfull \hbox (38.24889pt too wide) in paragraph at lines 1707--1707
[]\T1/lmtt/m/n/10 ## \TS1/lmtt/m/n/10 `\T1/lmtt/m/n/10 geom_smooth()\TS1/lmtt/m
/n/10 ` \T1/lmtt/m/n/10 using method = \TS1/lmtt/m/n/10 '\T1/lmtt/m/n/10 gam\TS
1/lmtt/m/n/10 ' \T1/lmtt/m/n/10 and formula \TS1/lmtt/m/n/10 '\T1/lmtt/m/n/10 y
 ~ s(x, bs = "cs")\TS1/lmtt/m/n/10 '[] 
 []

<plotting_files/figure-latex/unnamed-chunk-9-1.pdf, id=438, 423.5825pt x 206.77
25pt>
File: plotting_files/figure-latex/unnamed-chunk-9-1.pdf Graphic file (type pdf)

<use plotting_files/figure-latex/unnamed-chunk-9-1.pdf>
Package pdftex.def Info: plotting_files/figure-latex/unnamed-chunk-9-1.pdf  use
d on input line 1709.
(pdftex.def)             Requested size: 345.01309pt x 168.4187pt.

Overfull \hbox (38.24889pt too wide) in paragraph at lines 1723--1723
[]\T1/lmtt/m/n/10 ## \TS1/lmtt/m/n/10 `\T1/lmtt/m/n/10 geom_smooth()\TS1/lmtt/m
/n/10 ` \T1/lmtt/m/n/10 using method = \TS1/lmtt/m/n/10 '\T1/lmtt/m/n/10 gam\TS
1/lmtt/m/n/10 ' \T1/lmtt/m/n/10 and formula \TS1/lmtt/m/n/10 '\T1/lmtt/m/n/10 y
 ~ s(x, bs = "cs")\TS1/lmtt/m/n/10 '[] 
 []

<plotting_files/figure-latex/unnamed-chunk-10-1.pdf, id=439, 417.56pt x 206.772
5pt>
File: plotting_files/figure-latex/unnamed-chunk-10-1.pdf Graphic file (type pdf
)
<use plotting_files/figure-latex/unnamed-chunk-10-1.pdf>
Package pdftex.def Info: plotting_files/figure-latex/unnamed-chunk-10-1.pdf  us
ed on input line 1725.
(pdftex.def)             Requested size: 345.02007pt x 170.85127pt.
[30 <./plotting_files/figure-latex/unnamed-chunk-9-1.pdf> <./plotting_files/fig
ure-latex/unnamed-chunk-10-1.pdf>]
<plotting_files/figure-latex/unnamed-chunk-11-1.pdf, id=467, 423.5825pt x 206.7
725pt>
File: plotting_files/figure-latex/unnamed-chunk-11-1.pdf Graphic file (type pdf
)
<use plotting_files/figure-latex/unnamed-chunk-11-1.pdf>
Package pdftex.def Info: plotting_files/figure-latex/unnamed-chunk-11-1.pdf  us
ed on input line 1742.
(pdftex.def)             Requested size: 345.01309pt x 168.4187pt.
<plotting_files/figure-latex/unnamed-chunk-12-1.pdf, id=468, 427.5975pt x 204.7
65pt>
File: plotting_files/figure-latex/unnamed-chunk-12-1.pdf Graphic file (type pdf
)
<use plotting_files/figure-latex/unnamed-chunk-12-1.pdf>
Package pdftex.def Info: plotting_files/figure-latex/unnamed-chunk-12-1.pdf  us
ed on input line 1759.
(pdftex.def)             Requested size: 345.00148pt x 165.21196pt.
[31 <./plotting_files/figure-latex/unnamed-chunk-11-1.pdf>]
<plotting_files/figure-latex/unnamed-chunk-13-1.pdf, id=481, 423.5825pt x 206.7
725pt>
File: plotting_files/figure-latex/unnamed-chunk-13-1.pdf Graphic file (type pdf
)
<use plotting_files/figure-latex/unnamed-chunk-13-1.pdf>
Package pdftex.def Info: plotting_files/figure-latex/unnamed-chunk-13-1.pdf  us
ed on input line 1771.
(pdftex.def)             Requested size: 345.01309pt x 168.4187pt.
[32 <./plotting_files/figure-latex/unnamed-chunk-12-1.pdf> <./plotting_files/fi
gure-latex/unnamed-chunk-13-1.pdf>]
<plotting_files/figure-latex/unnamed-chunk-14-1.pdf, id=503, 423.5825pt x 206.7
725pt>
File: plotting_files/figure-latex/unnamed-chunk-14-1.pdf Graphic file (type pdf
)
<use plotting_files/figure-latex/unnamed-chunk-14-1.pdf>
Package pdftex.def Info: plotting_files/figure-latex/unnamed-chunk-14-1.pdf  us
ed on input line 1795.
(pdftex.def)             Requested size: 345.01309pt x 168.4187pt.
[33 <./plotting_files/figure-latex/unnamed-chunk-14-1.pdf>] [34]
Chapter 4.
[35

]
Overfull \hbox (74.99878pt too wide) in paragraph at lines 1932--1932
[]\T1/lmtt/m/n/10 ##   [1] 56.20 76.31 76.55 82.66 60.08 76.85 75.82 73.34 81.9
8 80.50 69.13 73.79[] 
 []


Overfull \hbox (74.99878pt too wide) in paragraph at lines 1932--1932
[]\T1/lmtt/m/n/10 ##  [13] 76.03 70.39 76.68 70.43 79.98 71.38 61.82 72.13 71.6
4 76.75 57.06 74.19[] 
 []


Overfull \hbox (74.99878pt too wide) in paragraph at lines 1932--1932
[]\T1/lmtt/m/n/10 ##  [25] 77.08 73.86 57.89 57.73 66.12 57.25 81.29 72.45 47.4
8 56.49 79.12 74.59[] 
 []


Overfull \hbox (74.99878pt too wide) in paragraph at lines 1932--1932
[]\T1/lmtt/m/n/10 ##  [37] 76.44 65.93 57.53 60.43 80.40 56.34 76.33 78.39 79.8
8 77.47 79.49 63.69[] 
 []


Overfull \hbox (74.99878pt too wide) in paragraph at lines 1932--1932
[]\T1/lmtt/m/n/10 ##  [49] 73.04 74.60 76.72 70.52 74.11 60.93 61.66 76.00 61.3
0 65.28 80.00 81.42[] 
 []


Overfull \hbox (74.99878pt too wide) in paragraph at lines 1932--1932
[]\T1/lmtt/m/n/10 ##  [61] 62.86 65.55 72.82 80.09 62.16 80.41 71.34 71.25 57.9
9 55.65 65.49 32.11[] 
 []


Overfull \hbox (74.99878pt too wide) in paragraph at lines 1932--1932
[]\T1/lmtt/m/n/10 ##  [73] 71.58 82.61 74.52 82.03 66.20 69.90 74.45 67.24 80.3
8 81.42 81.69 74.66[] 
 []


Overfull \hbox (74.99878pt too wide) in paragraph at lines 1932--1932
[]\T1/lmtt/m/n/10 ##  [85] 82.85 75.78 68.37 62.76 60.73 70.10 80.13 78.20 68.4
5 63.80 73.06 79.85[] 
 []


Overfull \hbox (74.99878pt too wide) in paragraph at lines 1932--1932
[]\T1/lmtt/m/n/10 ##  [97] 46.50 60.77 76.10    NA 73.17 81.35 74.01 60.84 53.0
7 74.46 77.91 59.46[] 
 []


Overfull \hbox (74.99878pt too wide) in paragraph at lines 1932--1932
[]\T1/lmtt/m/n/10 ## [109] 80.28 63.72 68.23 73.42 75.47 65.38 69.74    NA 66.1
8 76.36 73.55 54.48[] 
 []


Overfull \hbox (74.99878pt too wide) in paragraph at lines 1932--1932
[]\T1/lmtt/m/n/10 ## [121] 66.84 58.60    NA 68.26 80.73 80.90 77.36 58.78 60.5
3 81.04 76.09 65.33[] 
 []


Overfull \hbox (74.99878pt too wide) in paragraph at lines 1932--1932
[]\T1/lmtt/m/n/10 ## [133]    NA 77.85 58.70 74.07 77.92 69.03 76.30 79.84 79.5
2 73.66 69.24 64.59[] 
 []


Overfull \hbox (74.99878pt too wide) in paragraph at lines 1932--1932
[]\T1/lmtt/m/n/10 ## [145]    NA 75.48 71.64 71.46    NA 68.91 75.13 64.01 74.6
5 73.38 55.05 82.69[] 
 []


Overfull \hbox (74.99878pt too wide) in paragraph at lines 1932--1932
[]\T1/lmtt/m/n/10 ## [157] 75.52 79.45 61.71 53.13 54.27 81.94 74.42 66.29 70.3
2 46.98 81.52 82.21[] 
 []


Overfull \hbox (74.99878pt too wide) in paragraph at lines 1932--1932
[]\T1/lmtt/m/n/10 ## [169] 76.15 79.19 69.61 59.30 76.57 71.10 58.74 69.86 72.5
6 76.89 78.21 67.94[] 
 []


Overfull \hbox (74.99878pt too wide) in paragraph at lines 1932--1932
[]\T1/lmtt/m/n/10 ## [181]    NA 56.81 70.41 76.51 80.34 78.74 76.36 68.77 63.0
2 75.41 72.27 73.07[] 
 []

[36] [37]
<summarizing_files/figure-latex/unnamed-chunk-12-1.pdf, id=546, 417.56pt x 242.
9075pt>
File: summarizing_files/figure-latex/unnamed-chunk-12-1.pdf Graphic file (type 
pdf)
<use summarizing_files/figure-latex/unnamed-chunk-12-1.pdf>
Package pdftex.def Info: summarizing_files/figure-latex/unnamed-chunk-12-1.pdf 
 used on input line 2085.
(pdftex.def)             Requested size: 345.02007pt x 200.70879pt.
[38 <./summarizing_files/figure-latex/unnamed-chunk-12-1.pdf>]
Overfull \hbox (17.24895pt too wide) in paragraph at lines 2117--2117
[]\T1/lmtt/m/n/10 ## alternative hypothesis: true difference in means is not eq
ual to 0[] 
 []


Overfull \hbox (17.24895pt too wide) in paragraph at lines 2151--2151
[]\T1/lmtt/m/n/10 ## alternative hypothesis: true difference in means is not eq
ual to 0[] 
 []

<summarizing_files/figure-latex/unnamed-chunk-15-1.pdf, id=559, 220.825pt x 250
.9375pt>
File: summarizing_files/figure-latex/unnamed-chunk-15-1.pdf Graphic file (type 
pdf)
<use summarizing_files/figure-latex/unnamed-chunk-15-1.pdf>
Package pdftex.def Info: summarizing_files/figure-latex/unnamed-chunk-15-1.pdf 
 used on input line 2162.
(pdftex.def)             Requested size: 220.83455pt x 250.94835pt.
[39] [40 <./summarizing_files/figure-latex/unnamed-chunk-15-1.pdf>]
Chapter 5.

Overfull \hbox (43.49887pt too wide) in paragraph at lines 2224--2224
[]\T1/lmtt/m/n/10 ##  [1] "statistic"   "parameter"   "p.value"     "conf.int" 
   "estimate"[] 
 []


Overfull \hbox (48.74886pt too wide) in paragraph at lines 2224--2224
[]\T1/lmtt/m/n/10 ##  [6] "null.value"  "stderr"      "alternative" "method"   
   "data.name"[] 
 []

[41

] [42] [43]
Chapter 6.
[44

]
Package atveryend Info: Empty hook `BeforeClearDocument' on input line 2415.
[45]
Package atveryend Info: Empty hook `AfterLastShipout' on input line 2415.
(./r-intro-2.aux)
Package atveryend Info: Executing hook `AtVeryEndDocument' on input line 2415.
Package atveryend Info: Empty hook `AtEndAfterFileList' on input line 2415.
 ) 
Here is how much of TeX's memory you used:
 13931 strings out of 492616
 205272 string characters out of 6129481
 315573 words of memory out of 5000000
 17285 multiletter control sequences out of 15000+600000
 85200 words of font info for 126 fonts, out of 8000000 for 9000
 1141 hyphenation exceptions out of 8191
 42i,12n,43p,808b,463s stack positions out of 5000i,500n,10000p,200000b,80000s
{/usr/local/texlive/2019/texmf-dist/fonts/enc/dvips/lm/lm-ts1.enc}{/usr/local
/texlive/2019/texmf-dist/fonts/enc/dvips/lm/lm-ec.enc}</usr/local/texlive/2019/
texmf-dist/fonts/type1/public/lm/lmbx10.pfb></usr/local/texlive/2019/texmf-dist
/fonts/type1/public/lm/lmbx12.pfb></usr/local/texlive/2019/texmf-dist/fonts/typ
e1/public/lm/lmr10.pfb></usr/local/texlive/2019/texmf-dist/fonts/type1/public/l
m/lmr17.pfb></usr/local/texlive/2019/texmf-dist/fonts/type1/public/lm/lmr6.pfb>
</usr/local/texlive/2019/texmf-dist/fonts/type1/public/lm/lmr7.pfb></usr/local/
texlive/2019/texmf-dist/fonts/type1/public/lm/lmr8.pfb></usr/local/texlive/2019
/texmf-dist/fonts/type1/public/lm/lmri10.pfb></usr/local/texlive/2019/texmf-dis
t/fonts/type1/public/lm/lmro10.pfb></usr/local/texlive/2019/texmf-dist/fonts/ty
pe1/public/lm/lmtk10.pfb></usr/local/texlive/2019/texmf-dist/fonts/type1/public
/lm/lmtt10.pfb></usr/local/texlive/2019/texmf-dist/fonts/type1/public/lm/lmtti1
0.pfb>
Output written on r-intro-2.pdf (46 pages, 1790925 bytes).
PDF statistics:
 883 PDF objects out of 1000 (max. 8388607)
 760 compressed objects within 8 object streams
 229 named destinations out of 1000 (max. 500000)
 16813 words of extra memory for PDF output out of 17280 (max. 10000000)

